<?xml version="1.0" encoding="UTF-8"?>
<!DOCTYPE aspectran PUBLIC "-//ASPECTRAN//DTD Aspectran 7.0//EN"
        "http://aspectran.github.io/dtd/aspectran-7.dtd">
<aspectran>

    <bean id="properties" class="java.util.HashMap">
        <arguments>
            <item type="map">
                <entry name="property1">Property-1</entry>
                <entry name="property2">Property-2</entry>
                <entry name="property3">Property-3</entry>
            </item>
        </arguments>
    </bean>

	<environment profile="dev">
        <properties>
            <item name="env.property1">DEV-#{properties^property1}</item>
            <item name="env.property2">DEV-#{properties^property2}</item>
            <item name="env.property3">DEV-#{properties^property3}</item>
            <item name="env.property4">DEV-#{properties^property1} / #{properties^property2} / #{properties^property3}</item>
        </properties>
	</environment>

	<environment profile="prod">
        <properties>
            <item name="env.property1">PROD-#{properties^property1}</item>
            <item name="env.property2">PROD-#{properties^property2}</item>
            <item name="env.property3">PROD-#{properties^property3}</item>
            <item name="env.property4">PROD-#{properties^property1} / #{properties^property2} / #{properties^property3}</item>
        </properties>
	</environment>

    <template id="property-1" style="apon">
        |%{env.property1}
    </template>

    <template id="property-2" style="apon">
        |%{env.property2}
    </template>

    <template id="property-3" style="apon">
        |%{env.property3}
    </template>

    <template id="property-4" style="apon">
        |%{env.property4}
    </template>

</aspectran>